This is LuaHBTeX, Version 1.18.1 (MiKTeX 24.4) (format=lualatex 2024.8.19)  29 AUG 2024 15:19
 restricted system commands enabled.
**cczymara_cv.tex
(./cczymara_cv.tex
LaTeX2e <2024-06-01> patch level 2
L3 programming layer <2024-07-20>
Lua module: luaotfload 2024-02-14 3.28 Lua based OpenType font support
Lua module: lualibs 2023-07-13 2.76 ConTeXt Lua standard libraries.
Lua module: lualibs-extended 2023-07-13 2.76 ConTeXt Lua libraries -- extended c
ollection.
luaotfload | conf : Root cache directory is "C:/Users/Dr.Christian Czymara/AppDa
ta/Local/MiKTeX/luatex-cache/generic/names".
luaotfload | init : Loading fontloader "fontloader-2023-12-28.lua" from kpse-res
olved path "C:/Users/Dr.Christian Czymara/AppData/Local/Programs/MiKTeX/tex/luat
ex/luaotfload/fontloader-2023-12-28.lua".
Lua-only attribute luaotfload@noligature = 1
luaotfload | init : Context OpenType loader version 3.134
Inserting `luaotfload.node_processor' in `pre_linebreak_filter'.
Inserting `luaotfload.node_processor' in `hpack_filter'.
Inserting `luaotfload.glyph_stream' in `glyph_stream_provider'.
Inserting `luaotfload.define_font' in `define_font'.
Lua-only attribute luaotfload_color_attribute = 2
luaotfload | conf : Root cache directory is "C:/Users/Dr.Christian Czymara/AppDa
ta/Local/MiKTeX/luatex-cache/generic/names".
Inserting `luaotfload.harf.strip_prefix' in `find_opentype_file'.
Inserting `luaotfload.harf.strip_prefix' in `find_truetype_file'.
Removing  `luaotfload.glyph_stream' from `glyph_stream_provider'.
Inserting `luaotfload.harf.glyphstream' in `glyph_stream_provider'.
Inserting `luaotfload.harf.finalize_vlist' in `post_linebreak_filter'.
Inserting `luaotfload.harf.finalize_hlist' in `hpack_filter'.
Inserting `luaotfload.cleanup_files' in `wrapup_run'.
Inserting `luaotfload.harf.finalize_unicode' in `finish_pdffile'.
Inserting `luaotfload.glyphinfo' in `glyph_info'.
Lua-only attribute luaotfload.letterspace_done = 3
Inserting `luaotfload.aux.set_sscale_dimens' in `luaotfload.patch_font'.
Inserting `luaotfload.aux.set_font_index' in `luaotfload.patch_font'.
Inserting `luaotfload.aux.patch_cambria_domh' in `luaotfload.patch_font'.
Inserting `luaotfload.aux.fixup_fontdata' in `luaotfload.patch_font_unsafe'.
Inserting `luaotfload.aux.set_capheight' in `luaotfload.patch_font'.
Inserting `luaotfload.aux.set_xheight' in `luaotfload.patch_font'.
Inserting `luaotfload.rewrite_fontname' in `luaotfload.patch_font'.
Inserting `tracingstacklevels' in `input_level_string'.
("C:/Users/Dr.Christian Czymara/AppData/Local/Programs/MiKTeX/tex/latex/base/ar
ticle.cls"
Document Class: article 2024/02/08 v1.4n Standard LaTeX document class

("C:/Users/Dr.Christian Czymara/AppData/Local/Programs/MiKTeX/tex/latex/base/si
ze11.clo"
File: size11.clo 2024/02/08 v1.4n Standard LaTeX file (size option)
luaotfload | db : Font names database loaded from C:/Users/Dr.Christian Czymara/
AppData/Local/MiKTeX/luatex-cache/generic/names/luaotfload-names.luc.gz)
\c@part=\count192
\c@section=\count193
\c@subsection=\count194
\c@subsubsection=\count195
\c@paragraph=\count196
\c@subparagraph=\count197
\c@figure=\count198
\c@table=\count199
\abovecaptionskip=\skip49
\belowcaptionskip=\skip50
\bibindent=\dimen140
)
("C:/Users/Dr.Christian Czymara/AppData/Local/Programs/MiKTeX/tex/latex/geometr
y/geometry.sty"
Package: geometry 2020/01/02 v5.9 Page Geometry

("C:/Users/Dr.Christian Czymara/AppData/Local/Programs/MiKTeX/tex/latex/graphic
s/keyval.sty"
Package: keyval 2022/05/29 v1.15 key=value parser (DPC)
\KV@toks@=\toks17
)
("C:/Users/Dr.Christian Czymara/AppData/Local/Programs/MiKTeX/tex/generic/iftex
/ifvtex.sty"
Package: ifvtex 2019/10/25 v1.7 ifvtex legacy package. Use iftex instead.

("C:/Users/Dr.Christian Czymara/AppData/Local/Programs/MiKTeX/tex/generic/iftex
/iftex.sty"
Package: iftex 2022/02/03 v1.0f TeX engine tests
))
\Gm@cnth=\count266
\Gm@cntv=\count267
\c@Gm@tempcnt=\count268
\Gm@bindingoffset=\dimen141
\Gm@wd@mp=\dimen142
\Gm@odd@mp=\dimen143
\Gm@even@mp=\dimen144
\Gm@layoutwidth=\dimen145
\Gm@layoutheight=\dimen146
\Gm@layouthoffset=\dimen147
\Gm@layoutvoffset=\dimen148
\Gm@dimlist=\toks18

("C:/Users/Dr.Christian Czymara/AppData/Local/Programs/MiKTeX/tex/latex/geometr
y/geometry.cfg"))
("C:/Users/Dr.Christian Czymara/AppData/Local/Programs/MiKTeX/tex/latex/marginn
ote/marginnote.sty"
Package: marginnote 2018/08/09 1.4b non floating margin notes for LaTeX
\c@mn@abspage=\count269
)
("C:/Users/Dr.Christian Czymara/AppData/Local/Programs/MiKTeX/tex/latex/sectsty
/sectsty.sty"
Package: sectsty 2002/02/25 v2.0.2 Commands to change all sectional heading sty
les


LaTeX Warning: Command \underbar  has changed.
               Check if current package is valid.


LaTeX Warning: Command \underline  has changed.
               Check if current package is valid.

)
("C:/Users/Dr.Christian Czymara/AppData/Local/Programs/MiKTeX/tex/latex/eurosym
/eurosym.sty"
Package: eurosym 1998/08/06 v1.1 European currency symbol ``Euro''
\@eurobox=\box52
)
("C:/Users/Dr.Christian Czymara/AppData/Local/Programs/MiKTeX/tex/latex/titlese
c/titlesec.sty"
Package: titlesec 2023/10/27 v2.16 Sectioning titles
\ttl@box=\box53
\beforetitleunit=\skip51
\aftertitleunit=\skip52
\ttl@plus=\dimen149
\ttl@minus=\dimen150
\ttl@toksa=\toks19
\titlewidth=\dimen151
\titlewidthlast=\dimen152
\titlewidthfirst=\dimen153
)
("C:/Users/Dr.Christian Czymara/AppData/Local/Programs/MiKTeX/tex/latex/enumite
m/enumitem.sty"
Package: enumitem 2019/06/20 v3.9 Customized lists
\labelindent=\skip53
\enit@outerparindent=\dimen154
\enit@toks=\toks20
\enit@inbox=\box54
\enit@count@id=\count270
\enitdp@description=\count271
)
("C:/Users/Dr.Christian Czymara/AppData/Local/Programs/MiKTeX/tex/latex/hyperre
f/hyperref.sty"
Package: hyperref 2024-07-10 v7.01j Hypertext links for LaTeX

("C:/Users/Dr.Christian Czymara/AppData/Local/Programs/MiKTeX/tex/latex/kvsetke
ys/kvsetkeys.sty"
Package: kvsetkeys 2022-10-05 v1.19 Key value parser (HO)
)
("C:/Users/Dr.Christian Czymara/AppData/Local/Programs/MiKTeX/tex/generic/kvdef
inekeys/kvdefinekeys.sty"
Package: kvdefinekeys 2019-12-19 v1.6 Define keys (HO)
)
("C:/Users/Dr.Christian Czymara/AppData/Local/Programs/MiKTeX/tex/generic/pdfes
cape/pdfescape.sty"
Package: pdfescape 2019/12/09 v1.15 Implements pdfTeX's escape features (HO)

("C:/Users/Dr.Christian Czymara/AppData/Local/Programs/MiKTeX/tex/generic/ltxcm
ds/ltxcmds.sty"
Package: ltxcmds 2023-12-04 v1.26 LaTeX kernel commands for general use (HO)
)
("C:/Users/Dr.Christian Czymara/AppData/Local/Programs/MiKTeX/tex/generic/pdfte
xcmds/pdftexcmds.sty"
Package: pdftexcmds 2020-06-27 v0.33 Utility functions of pdfTeX for LuaTeX (HO
)

("C:/Users/Dr.Christian Czymara/AppData/Local/Programs/MiKTeX/tex/generic/infwa
rerr/infwarerr.sty"
Package: infwarerr 2019/12/03 v1.5 Providing info/warning/error messages (HO)
)
Package pdftexcmds Info: \pdf@primitive is available.
Package pdftexcmds Info: \pdf@ifprimitive is available.
Package pdftexcmds Info: \pdfdraftmode found.
\pdftexcmds@toks=\toks21
))
("C:/Users/Dr.Christian Czymara/AppData/Local/Programs/MiKTeX/tex/latex/hycolor
/hycolor.sty"
Package: hycolor 2020-01-27 v1.10 Color options for hyperref/bookmark (HO)
)
("C:/Users/Dr.Christian Czymara/AppData/Local/Programs/MiKTeX/tex/latex/hyperre
f/nameref.sty"
Package: nameref 2023-11-26 v2.56 Cross-referencing by name of section

("C:/Users/Dr.Christian Czymara/AppData/Local/Programs/MiKTeX/tex/latex/refcoun
t/refcount.sty"
Package: refcount 2019/12/15 v3.6 Data extraction from label references (HO)
)
("C:/Users/Dr.Christian Czymara/AppData/Local/Programs/MiKTeX/tex/generic/getti
tlestring/gettitlestring.sty"
Package: gettitlestring 2019/12/15 v1.6 Cleanup title references (HO)

("C:/Users/Dr.Christian Czymara/AppData/Local/Programs/MiKTeX/tex/latex/kvoptio
ns/kvoptions.sty"
Package: kvoptions 2022-06-15 v3.15 Key value format for package options (HO)
))
\c@section@level=\count272
)
("C:/Users/Dr.Christian Czymara/AppData/Local/Programs/MiKTeX/tex/latex/etoolbo
x/etoolbox.sty"
Package: etoolbox 2020/10/05 v2.5k e-TeX tools for LaTeX (JAW)
\etb@tempcnta=\count273
)
("C:/Users/Dr.Christian Czymara/AppData/Local/Programs/MiKTeX/tex/generic/strin
genc/stringenc.sty"
Package: stringenc 2019/11/29 v1.12 Convert strings between diff. encodings (HO
)
)
\@linkdim=\dimen155
\Hy@linkcounter=\count274
\Hy@pagecounter=\count275

("C:/Users/Dr.Christian Czymara/AppData/Local/Programs/MiKTeX/tex/latex/hyperre
f/pd1enc.def"
File: pd1enc.def 2024-07-10 v7.01j Hyperref: PDFDocEncoding definition (HO)
)
("C:/Users/Dr.Christian Czymara/AppData/Local/Programs/MiKTeX/tex/generic/intca
lc/intcalc.sty"
Package: intcalc 2019/12/15 v1.3 Expandable calculations with integers (HO)
)
\Hy@SavedSpaceFactor=\count276

("C:/Users/Dr.Christian Czymara/AppData/Local/Programs/MiKTeX/tex/latex/hyperre
f/puenc.def"
File: puenc.def 2024-07-10 v7.01j Hyperref: PDF Unicode definition (HO)
)
Package hyperref Info: Option `bookmarks' set `true' on input line 4040.
Package hyperref Info: Option `colorlinks' set `true' on input line 4040.
Package hyperref Info: Option `breaklinks' set `true' on input line 4040.
Package hyperref Info: Hyper figures OFF on input line 4157.
Package hyperref Info: Link nesting OFF on input line 4162.
Package hyperref Info: Hyper index ON on input line 4165.
Package hyperref Info: Plain pages OFF on input line 4172.
Package hyperref Info: Backreferencing OFF on input line 4177.
Package hyperref Info: Implicit mode ON; LaTeX internals redefined.
Package hyperref Info: Bookmarks ON on input line 4424.
\c@Hy@tempcnt=\count277

("C:/Users/Dr.Christian Czymara/AppData/Local/Programs/MiKTeX/tex/latex/url/url
.sty"
\Urlmuskip=\muskip17
Package: url 2013/09/16  ver 3.4  Verb mode for urls, etc.
)
LaTeX Info: Redefining \url on input line 4763.
\XeTeXLinkMargin=\dimen156

("C:/Users/Dr.Christian Czymara/AppData/Local/Programs/MiKTeX/tex/generic/bitse
t/bitset.sty"
Package: bitset 2019/12/09 v1.3 Handle bit-vector datatype (HO)

("C:/Users/Dr.Christian Czymara/AppData/Local/Programs/MiKTeX/tex/generic/bigin
tcalc/bigintcalc.sty"
Package: bigintcalc 2019/12/15 v1.5 Expandable calculations on big integers (HO
)
))
\Fld@menulength=\count278
\Field@Width=\dimen157
\Fld@charsize=\dimen158
Package hyperref Info: Hyper figures OFF on input line 6042.
Package hyperref Info: Link nesting OFF on input line 6047.
Package hyperref Info: Hyper index ON on input line 6050.
Package hyperref Info: backreferencing OFF on input line 6057.
Package hyperref Info: Link coloring ON on input line 6060.
Package hyperref Info: Link coloring with OCG OFF on input line 6067.
Package hyperref Info: PDF/A mode OFF on input line 6072.

("C:/Users/Dr.Christian Czymara/AppData/Local/Programs/MiKTeX/tex/latex/base/at
begshi-ltx.sty"
Package: atbegshi-ltx 2021/01/10 v1.0c Emulation of the original atbegshi
package with kernel methods
)
\Hy@abspage=\count279
\c@Item=\count280
\c@Hfootnote=\count281
)
Package hyperref Info: Driver (autodetected): hluatex.

("C:/Users/Dr.Christian Czymara/AppData/Local/Programs/MiKTeX/tex/latex/hyperre
f/hluatex.def"
File: hluatex.def 2024-07-10 v7.01j Hyperref driver for luaTeX

("C:/Users/Dr.Christian Czymara/AppData/Local/Programs/MiKTeX/tex/latex/base/at
veryend-ltx.sty"
Package: atveryend-ltx 2020/08/19 v1.0a Emulation of the original atveryend pac
kage
with kernel methods
)
\Fld@listcount=\count282
\c@bookmark@seq@number=\count283

("C:/Users/Dr.Christian Czymara/AppData/Local/Programs/MiKTeX/tex/latex/rerunfi
lecheck/rerunfilecheck.sty"
Package: rerunfilecheck 2022-07-10 v1.10 Rerun checks for auxiliary files (HO)

("C:/Users/Dr.Christian Czymara/AppData/Local/Programs/MiKTeX/tex/generic/uniqu
ecounter/uniquecounter.sty"
Package: uniquecounter 2019/12/15 v1.4 Provide unlimited unique counter (HO)
)
Package uniquecounter Info: New unique counter `rerunfilecheck' on input line 2
85.
)
\Hy@SectionHShift=\skip54
)
("C:/Users/Dr.Christian Czymara/AppData/Local/Programs/MiKTeX/tex/latex/xcolor/
xcolor.sty"
Package: xcolor 2023/11/15 v3.01 LaTeX color extensions (UK)

("C:/Users/Dr.Christian Czymara/AppData/Local/Programs/MiKTeX/tex/latex/graphic
s-cfg/color.cfg"
File: color.cfg 2016/01/02 v1.6 sample color configuration
)
Package xcolor Info: Driver file: luatex.def on input line 274.

("C:/Users/Dr.Christian Czymara/AppData/Local/Programs/MiKTeX/tex/latex/graphic
s-def/luatex.def"
File: luatex.def 2024/04/13 v1.2e Graphics/color driver for luatex
)
("C:/Users/Dr.Christian Czymara/AppData/Local/Programs/MiKTeX/tex/latex/graphic
s/mathcolor.ltx")
Package xcolor Info: Model `cmy' substituted by `cmy0' on input line 1350.
Package xcolor Info: Model `hsb' substituted by `rgb' on input line 1354.
Package xcolor Info: Model `RGB' extended on input line 1366.
Package xcolor Info: Model `HTML' substituted by `rgb' on input line 1368.
Package xcolor Info: Model `Hsb' substituted by `hsb' on input line 1369.
Package xcolor Info: Model `tHsb' substituted by `hsb' on input line 1370.
Package xcolor Info: Model `HSB' substituted by `hsb' on input line 1371.
Package xcolor Info: Model `Gray' substituted by `gray' on input line 1372.
Package xcolor Info: Model `wave' substituted by `hsb' on input line 1373.
)
("C:/Users/Dr.Christian Czymara/AppData/Local/Programs/MiKTeX/tex/latex/fontawe
some5/fontawesome5.sty"
("C:/Users/Dr.Christian Czymara/AppData/Local/Programs/MiKTeX/tex/latex/l3kerne
l/expl3.sty"
Package: expl3 2024-07-20 L3 programming layer (loader) 

("C:/Users/Dr.Christian Czymara/AppData/Local/Programs/MiKTeX/tex/latex/l3backe
nd/l3backend-luatex.def"
File: l3backend-luatex.def 2024-05-08 L3 backend support: PDF output (LuaTeX)
\l__color_backend_stack_int=\count284
Inserting `l3color' in `luaotfload.parse_color'.
\l__pdf_internal_box=\box55
))
Package: fontawesome5 2022/05/02 v5.15.4 Font Awesome 5

("C:/Users/Dr.Christian Czymara/AppData/Local/Programs/MiKTeX/tex/latex/l3packa
ges/l3keys2e/l3keys2e.sty"
Package: l3keys2e 2024-05-08 LaTeX2e option processing using LaTeX3 keys
)
("C:/Users/Dr.Christian Czymara/AppData/Local/Programs/MiKTeX/tex/latex/l3packa
ges/xparse/xparse.sty"
Package: xparse 2024-05-08 L3 Experimental document command parser
)
("C:/Users/Dr.Christian Czymara/AppData/Local/Programs/MiKTeX/tex/latex/fontawe
some5/fontawesome5-utex-helper.sty"
Package: fontawesome5-utex-helper 2022/05/02 v5.15.4 uTeX helper for fontawesom
e5

("C:/Users/Dr.Christian Czymara/AppData/Local/Programs/MiKTeX/tex/luatex/luatex
base/luatexbase.sty"
Package: luatexbase 2015/10/04 v1.3 luatexbase interface to LuaTeX 

("C:/Users/Dr.Christian Czymara/AppData/Local/Programs/MiKTeX/tex/luatex/ctable
stack/ctablestack.sty"
Package: ctablestack 2015/10/01 v1.0 Catcode table stable support
\@catcodetablestackcnt=\count285
)
\CatcodeTableOther=\catcodetable14
\CatcodeTableExpl=\catcodetable15
)
LaTeX Font Info:    Trying to load font information for TU+fontawesomefree on i
nput line 69.

("C:/Users/Dr.Christian Czymara/AppData/Local/Programs/MiKTeX/tex/latex/fontawe
some5/tufontawesomefree.fd")
LaTeX Font Info:    Trying to load font information for TU+fontawesomebrands on
 input line 70.

("C:/Users/Dr.Christian Czymara/AppData/Local/Programs/MiKTeX/tex/latex/fontawe
some5/tufontawesomebrands.fd")))
("C:/Users/Dr.Christian Czymara/AppData/Local/Programs/MiKTeX/tex/latex/academi
cons/academicons.sty"
Package: academicons 2021/11/26 v1.9.1 Academicons Icons
) (./cczymara_cv.aux)
\openout1 = cczymara_cv.aux

LaTeX Font Info:    Checking defaults for OML/cmm/m/it on input line 58.
LaTeX Font Info:    ... okay on input line 58.
LaTeX Font Info:    Checking defaults for OMS/cmsy/m/n on input line 58.
LaTeX Font Info:    ... okay on input line 58.
LaTeX Font Info:    Checking defaults for OT1/cmr/m/n on input line 58.
LaTeX Font Info:    ... okay on input line 58.
LaTeX Font Info:    Checking defaults for T1/cmr/m/n on input line 58.
LaTeX Font Info:    ... okay on input line 58.
LaTeX Font Info:    Checking defaults for TS1/cmr/m/n on input line 58.
LaTeX Font Info:    Trying to load font information for TS1+cmr on input line 5
8.

("C:/Users/Dr.Christian Czymara/AppData/Local/Programs/MiKTeX/tex/latex/base/ts
1cmr.fd"
File: ts1cmr.fd 2023/04/13 v2.5m Standard LaTeX font definitions
)
LaTeX Font Info:    ... okay on input line 58.
LaTeX Font Info:    Checking defaults for TU/lmr/m/n on input line 58.
LaTeX Font Info:    ... okay on input line 58.
LaTeX Font Info:    Checking defaults for OMX/cmex/m/n on input line 58.
LaTeX Font Info:    ... okay on input line 58.
LaTeX Font Info:    Checking defaults for U/cmr/m/n on input line 58.
LaTeX Font Info:    ... okay on input line 58.
LaTeX Font Info:    Checking defaults for PD1/pdf/m/n on input line 58.
LaTeX Font Info:    ... okay on input line 58.
LaTeX Font Info:    Checking defaults for PU/pdf/m/n on input line 58.
LaTeX Font Info:    ... okay on input line 58.

*geometry* driver: auto-detecting
*geometry* detected driver: luatex
*geometry* verbose mode - [ preamble ] result:
* driver: luatex
* paper: a4paper
* layout: <same size as paper>
* layoutoffset:(h,v)=(0.0pt,0.0pt)
* modes: 
* h-part:(L,W,R)=(71.1319pt, 455.24408pt, 71.1319pt)
* v-part:(T,H,B)=(53.49118pt, 711.3189pt, 80.23677pt)
* \paperwidth=597.50787pt
* \paperheight=845.04684pt
* \textwidth=455.24408pt
* \textheight=711.3189pt
* \oddsidemargin=-1.13809pt
* \evensidemargin=-1.13809pt
* \topmargin=-55.77881pt
* \headheight=12.0pt
* \headsep=25.0pt
* \topskip=11.0pt
* \footskip=30.0pt
* \marginparwidth=14.22636pt
* \marginparsep=10.0pt
* \columnsep=10.0pt
* \skip\footins=10.0pt plus 4.0pt minus 2.0pt
* \hoffset=0.0pt
* \voffset=0.0pt
* \mag=1000
* \@twocolumnfalse
* \@twosidefalse
* \@mparswitchfalse
* \@reversemarginfalse
* (1in=72.27pt=25.4mm, 1cm=28.453pt)

Package hyperref Info: Link coloring ON on input line 58.
(./cczymara_cv.out) (./cczymara_cv.out)
\@outlinefile=\write3

\openout3 = cczymara_cv.out

("C:/Users/Dr.Christian Czymara/AppData/Local/Programs/MiKTeX/tex/context/base/
mkii/supp-pdf.mkii"
[Loading MPS to PDF converter (version 2006.09.02).]
\scratchcounter=\count286
\scratchdimen=\dimen159
\scratchbox=\box56
\nofMPsegments=\count287
\nofMParguments=\count288
\everyMPshowfont=\toks22
\MPscratchCnt=\count289
\MPscratchDim=\dimen160
\MPnumerator=\count290
\makeMPintoPDFobject=\count291
\everyMPtoPDFconversion=\toks23
)
LaTeX Font Info:    External font `cmex10' loaded for size
(Font)              <12> on input line 62.
LaTeX Font Info:    External font `cmex10' loaded for size
(Font)              <8> on input line 62.
LaTeX Font Info:    External font `cmex10' loaded for size
(Font)              <6> on input line 62.
LaTeX Font Info:    Trying to load font information for TU+academicons on input
 line 70.

("C:/Users/Dr.Christian Czymara/AppData/Local/Programs/MiKTeX/tex/latex/academi
cons/tuacademicons.fd")
LaTeX Font Info:    External font `cmex10' loaded for size
(Font)              <10.95> on input line 78.

Overfull \hbox (2.4309pt too wide) in paragraph at lines 64--89
[]$[]$ $[]$ 
 []


Underfull \hbox (badness 10000) in paragraph at lines 90--93

 []



[1

{C:/Users/Dr.Christian Czymara/AppData/Local/MiKTeX/fonts/map/pdftex/pdftex.map}
]
Underfull \hbox (badness 10000) in paragraph at lines 182--185

 []

Package marginnote Info: Margin note 2.1 is on absolute page 2 on input line 19
8.
Package marginnote Info: right page because not two side mode on input line 198
.
Package marginnote Info: xpos seems to be 76.60689pt on input line 198.
Package marginnote Info: Margin note 2.2 is on absolute page 3 on input line 19
9.
Package marginnote Info: right page because not two side mode on input line 199
.
Package marginnote Info: xpos seems to be 76.60689pt on input line 199.


[2]
Overfull \hbox (24.4808pt too wide) in paragraph at lines 201--202
[]\TU/lmr/m/n/10.95 Me-dia cov-er-age: [][]The Hill[][]; [][]tech-zle.com[][]; 
[][]phys.org[][]; [][]forschung-und-wissen.de[][]; [][]wis-senschaft.de[][];
 []

Package marginnote Info: Margin note 3.1 is on absolute page 3 on input line 20
3.
Package marginnote Info: right page because not two side mode on input line 203
.
Package marginnote Info: xpos seems to be 76.60689pt on input line 203.

Overfull \hbox (7.04364pt too wide) in paragraph at lines 203--204
\TU/lmr/m/it/10.95 Junge Frei-heit \TU/lmr/m/n/10.95 1997-2019: A Com-pu-ta-tion
al Ap-proach. \TU/lmr/bx/it/10.95 Ger-man Pol-i-tics\TU/lmr/m/n/10.95 . [][]doi.
org/10.1080
 []

Package marginnote Info: Margin note 3.2 is on absolute page 3 on input line 20
4.
Package marginnote Info: right page because not two side mode on input line 204
.
Package marginnote Info: xpos seems to be 76.60689pt on input line 204.
Package marginnote Info: Margin note 3.3 is on absolute page 3 on input line 20
5.
Package marginnote Info: right page because not two side mode on input line 205
.
Package marginnote Info: xpos seems to be 76.60689pt on input line 205.
Package marginnote Info: Margin note 3.4 is on absolute page 3 on input line 20
6.
Package marginnote Info: right page because not two side mode on input line 206
.
Package marginnote Info: xpos seems to be 76.60689pt on input line 206.
Package marginnote Info: Margin note 3.5 is on absolute page 3 on input line 21
0.
Package marginnote Info: right page because not two side mode on input line 210
.
Package marginnote Info: xpos seems to be 76.60689pt on input line 210.
Package marginnote Info: Margin note 3.6 is on absolute page 3 on input line 21
1.
Package marginnote Info: right page because not two side mode on input line 211
.
Package marginnote Info: xpos seems to be 76.60689pt on input line 211.
Package marginnote Info: Margin note 3.7 is on absolute page 3 on input line 21
2.
Package marginnote Info: right page because not two side mode on input line 212
.
Package marginnote Info: xpos seems to be 76.60689pt on input line 212.
Package marginnote Info: Margin note 3.8 is on absolute page 3 on input line 21
3.
Package marginnote Info: right page because not two side mode on input line 213
.
Package marginnote Info: xpos seems to be 76.60689pt on input line 213.
Package marginnote Info: Margin note 3.9 is on absolute page 3 on input line 21
8.
Package marginnote Info: right page because not two side mode on input line 218
.
Package marginnote Info: xpos seems to be 76.60689pt on input line 218.
Package marginnote Info: Margin note 3.10 is on absolute page 3 on input line 2
19.
Package marginnote Info: right page because not two side mode on input line 219
.
Package marginnote Info: xpos seems to be 76.60689pt on input line 219.
Package marginnote Info: Margin note 3.11 is on absolute page 3 on input line 2
20.
Package marginnote Info: right page because not two side mode on input line 220
.
Package marginnote Info: xpos seems to be 76.60689pt on input line 220.
Package marginnote Info: Margin note 3.12 is on absolute page 4 on input line 2
24.
Package marginnote Info: right page because not two side mode on input line 224
.
Package marginnote Info: xpos seems to be 76.60689pt on input line 224.


[3]
Overfull \hbox (1.36537pt too wide) in paragraph at lines 226--227
[]\TU/lmr/m/n/10.95 Me-dia cov-er-age: [][]faz.net[][]; Frank-furter Neue Presse
 (print); Hochheimer Zeitung (print);
 []


Overfull \hbox (4.85846pt too wide) in paragraph at lines 227--228
[]\TU/lmr/m/n/10.95 Pol-icy doc-u-ments: [][]Eu-ro-pean Com-mis-sion[][]; [][]Eu
-ro-pean Par-lia-ment[][]; [][]In-ter-na-tional Labour
 []

Package marginnote Info: Margin note 4.1 is on absolute page 4 on input line 22
9.
Package marginnote Info: right page because not two side mode on input line 229
.
Package marginnote Info: xpos seems to be 76.60689pt on input line 229.
Package marginnote Info: Margin note 4.2 is on absolute page 4 on input line 23
0.
Package marginnote Info: right page because not two side mode on input line 230
.
Package marginnote Info: xpos seems to be 76.60689pt on input line 230.
Package marginnote Info: Margin note 4.3 is on absolute page 4 on input line 23
1.
Package marginnote Info: right page because not two side mode on input line 231
.
Package marginnote Info: xpos seems to be 76.60689pt on input line 231.
Package marginnote Info: Margin note 4.4 is on absolute page 4 on input line 23
2.
Package marginnote Info: right page because not two side mode on input line 232
.
Package marginnote Info: xpos seems to be 76.60689pt on input line 232.
Package marginnote Info: Margin note 4.5 is on absolute page 4 on input line 23
3.
Package marginnote Info: right page because not two side mode on input line 233
.
Package marginnote Info: xpos seems to be 76.60689pt on input line 233.
Package marginnote Info: Margin note 4.6 is on absolute page 4 on input line 23
4.
Package marginnote Info: right page because not two side mode on input line 234
.
Package marginnote Info: xpos seems to be 76.60689pt on input line 234.
Package marginnote Info: Margin note 4.7 is on absolute page 4 on input line 24
0.
Package marginnote Info: right page because not two side mode on input line 240
.
Package marginnote Info: xpos seems to be 76.60689pt on input line 240.
Package marginnote Info: Margin note 4.8 is on absolute page 4 on input line 24
9.
Package marginnote Info: right page because not two side mode on input line 249
.
Package marginnote Info: xpos seems to be 76.60689pt on input line 249.
Package marginnote Info: Margin note 4.9 is on absolute page 5 on input line 25
0.
Package marginnote Info: right page because not two side mode on input line 250
.
Package marginnote Info: xpos seems to be 76.60689pt on input line 250.


[4]

[5]

[6]
Underfull \hbox (badness 10000) in paragraph at lines 372--376

 []


Underfull \hbox (badness 10000) in paragraph at lines 417--418

 []


Underfull \hbox (badness 10000) in paragraph at lines 420--421

 []



[7]
Underfull \hbox (badness 10000) in paragraph at lines 426--427

 []



[8] (./cczymara_cv.aux)
 ***********
LaTeX2e <2024-06-01> patch level 2
L3 programming layer <2024-07-20>
 ***********
Package rerunfilecheck Info: File `cczymara_cv.out' has not changed.
(rerunfilecheck)             Checksum: D41D8CD98F00B204E9800998ECF8427E;0.
)

Here is how much of LuaTeX's memory you used:
 13824 strings out of 475910
 100000,1977958 words of node,token memory allocated
 571 words of node memory still in use:
   3 hlist, 1 vlist, 1 rule, 2 glue, 3 kern, 1 glyph, 18 attribute, 53 glue_spec
, 18 attribute_list, 1 write, 14 pdf_action nodes
   avail lists: 2:895,3:413,4:178,5:693,6:94,7:8507,8:2,9:523,10:8,11:676
 36262 multiletter control sequences out of 65536+600000
 47 fonts using 3727055 bytes
 74i,15n,77p,865b,1120s stack positions out of 10000i,1000n,20000p,200000b,200000s
<//?/c:/users/dr.christian czymara/appdata/local/programs/miktex/fonts/opentype/
public/lm/lmroman10-bolditalic.otf><//?/c:/users/dr.christian czymara/appdata/lo
cal/programs/miktex/fonts/opentype/public/lm/lmromanslant10-regular.otf><//?/c:/
users/dr.christian czymara/appdata/local/programs/miktex/fonts/opentype/public/l
m/lmroman10-italic.otf><//?/c:/users/dr.christian czymara/appdata/local/programs
/miktex/fonts/opentype/public/lm/lmroman10-bold.otf><//?/c:/users/dr.christian c
zymara/appdata/local/programs/miktex/fonts/truetype/public/academicons/academico
ns.ttf><//?/c:/users/dr.christian czymara/appdata/local/programs/miktex/fonts/op
entype/public/fontawesome5/fontawesome5brands-regular-400.otf><//?/c:/users/dr.c
hristian czymara/appdata/local/programs/miktex/fonts/opentype/public/fontawesome
5/fontawesome5free-regular-400.otf><//?/c:/users/dr.christian czymara/appdata/lo
cal/programs/miktex/fonts/opentype/public/lm/lmroman10-regular.otf><//?/c:/users
/dr.christian czymara/appdata/local/programs/miktex/fonts/opentype/public/fontaw
esome5/fontawesome5free-solid-900.otf><//?/c:/users/dr.christian czymara/appdata
/local/programs/miktex/fonts/opentype/public/lm/lmromancaps10-regular.otf><C:/Us
ers/Dr.Christian Czymara/AppData/Local/Programs/MiKTeX/fonts/type1/public/amsfon
ts/cm/cmsy10.pfb><C:/Users/Dr.Christian Czymara/AppData/Local/Programs/MiKTeX/fo
nts/type1/public/eurosym/feymr10.pfb>
Output written on cczymara_cv.pdf (8 pages, 126967 bytes).

PDF statistics: 219 PDF objects out of 1000 (max. 8388607)
 9 named destinations out of 1000 (max. 131072)
 1 words of extra memory for PDF output out of 10000 (max. 100000000)

